[2025-06-21 19:04:24] [INFO]    [OmnipathR] Welcome to OmnipathR!
[2025-06-21 19:04:24] [INFO]    [OmnipathR] OmnipathR version: 3.14.0
[2025-06-21 19:04:24] [TRACE]   [OmnipathR] Reading JSON from `/Users/elias/Library/Caches/OmnipathR/cache.json` (encoding: UTF-8).
[2025-06-21 19:04:24] [TRACE]   [OmnipathR] JSON validation successful: TRUE
[2025-06-21 19:04:24] [INFO]    [OmnipathR] Initialized cache: `/Users/elias/Library/Caches/OmnipathR`.
[2025-06-21 19:04:24] [TRACE]   [OmnipathR] Reading JSON from `/opt/homebrew/lib/R/4.4/site-library/OmnipathR/db/db_def.json` (encoding: UTF-8).
[2025-06-21 19:04:24] [TRACE]   [OmnipathR] JSON validation successful: TRUE
[2025-06-21 19:04:24] [TRACE]   [OmnipathR] Reading JSON from `/opt/homebrew/lib/R/4.4/site-library/OmnipathR/internal/magic_bytes.json` (encoding: UTF-8).
[2025-06-21 19:04:24] [TRACE]   [OmnipathR] JSON validation successful: TRUE
[2025-06-21 19:04:24] [TRACE]   [OmnipathR] Reading JSON from `/opt/homebrew/lib/R/4.4/site-library/OmnipathR/internal/urls.json` (encoding: UTF-8).
[2025-06-21 19:04:24] [TRACE]   [OmnipathR] JSON validation successful: TRUE
[2025-06-21 19:04:24] [TRACE]   [OmnipathR] Reading JSON from `/opt/homebrew/lib/R/4.4/site-library/OmnipathR/internal/id_types.json` (encoding: UTF-8).
[2025-06-21 19:04:24] [TRACE]   [OmnipathR] JSON validation successful: TRUE
[2025-06-21 19:04:24] [INFO]    [OmnipathR] Loading database `Ensembl and OMA organism names`.
[2025-06-21 19:04:24] [TRACE]   [OmnipathR] Reading JSON from `/Users/elias/Library/Caches/OmnipathR/cache.json` (encoding: UTF-8).
[2025-06-21 19:04:24] [TRACE]   [OmnipathR] JSON validation successful: TRUE
[2025-06-21 19:04:24] [INFO]    [OmnipathR] Looking up in cache `https://www.ensembl.org/info/about/species.html`: key=7332486db7400730697234bad76ca0c8e4d00799, no version available.
[2025-06-21 19:04:24] [TRACE]   [OmnipathR] Reading JSON from `/Users/elias/Library/Caches/OmnipathR/cache.json` (encoding: UTF-8).
[2025-06-21 19:04:24] [TRACE]   [OmnipathR] JSON validation successful: TRUE
[2025-06-21 19:04:24] [INFO]    [OmnipathR] Created new version for cache record 7332486db7400730697234bad76ca0c8e4d00799: version 1.
[2025-06-21 19:04:24] [TRACE]   [OmnipathR] Cache file path: /Users/elias/Library/Caches/OmnipathR/7332486db7400730697234bad76ca0c8e4d00799-1.html
[2025-06-21 19:04:24] [INFO]    [OmnipathR] Retrieving URL: `https://www.ensembl.org/info/about/species.html`
[2025-06-21 19:04:24] [TRACE]   [OmnipathR] Attempt 1/3: `https://www.ensembl.org/info/about/species.html`
[2025-06-21 19:04:26] [TRACE]   [OmnipathR] HTTP 200
[2025-06-21 19:04:26] [INFO]    [OmnipathR] Download ready [key=7332486db7400730697234bad76ca0c8e4d00799, version=1]
[2025-06-21 19:04:26] [TRACE]   [OmnipathR] Reading JSON from `/Users/elias/Library/Caches/OmnipathR/cache.json` (encoding: UTF-8).
[2025-06-21 19:04:26] [TRACE]   [OmnipathR] JSON validation successful: TRUE
[2025-06-21 19:04:26] [INFO]    [OmnipathR] Cache item `7332486db7400730697234bad76ca0c8e4d00799` version 1: status changed from `unknown` to `ready`.
[2025-06-21 19:04:26] [TRACE]   [OmnipathR] Looking up in cache: `https://omabrowser.org/All/oma-species.txt`.
[2025-06-21 19:04:26] [INFO]    [OmnipathR] Cache record does not exist: `https://omabrowser.org/All/oma-species.txt`
[2025-06-21 19:04:26] [TRACE]   [OmnipathR] Could not find in cache, initiating download: `https://omabrowser.org/All/oma-species.txt`.
[2025-06-21 19:04:26] [TRACE]   [OmnipathR] Reading JSON from `/Users/elias/Library/Caches/OmnipathR/cache.json` (encoding: UTF-8).
[2025-06-21 19:04:26] [TRACE]   [OmnipathR] JSON validation successful: TRUE
[2025-06-21 19:04:26] [TRACE]   [OmnipathR] Reading JSON from `/Users/elias/Library/Caches/OmnipathR/cache.json` (encoding: UTF-8).
[2025-06-21 19:04:26] [TRACE]   [OmnipathR] JSON validation successful: TRUE
[2025-06-21 19:04:26] [INFO]    [OmnipathR] Cache item `30e690cbb55dfc63b5903ab337f34ffc2f4be397` version 1: status changed from `unknown` to `started`.
[2025-06-21 19:04:26] [TRACE]   [OmnipathR] Exporting object to RDS: `/Users/elias/Library/Caches/OmnipathR/30e690cbb55dfc63b5903ab337f34ffc2f4be397-1.rds`.
[2025-06-21 19:04:26] [INFO]    [OmnipathR] Retrieving URL: `https://omabrowser.org/All/oma-species.txt`
[2025-06-21 19:04:26] [TRACE]   [OmnipathR] Attempt 1/3: `https://omabrowser.org/All/oma-species.txt`
[2025-06-21 19:04:27] [TRACE]   [OmnipathR] Exported RDS to `/Users/elias/Library/Caches/OmnipathR/30e690cbb55dfc63b5903ab337f34ffc2f4be397-1.rds`.
[2025-06-21 19:04:27] [INFO]    [OmnipathR] Download ready [key=30e690cbb55dfc63b5903ab337f34ffc2f4be397, version=1]
[2025-06-21 19:04:27] [TRACE]   [OmnipathR] Reading JSON from `/Users/elias/Library/Caches/OmnipathR/cache.json` (encoding: UTF-8).
[2025-06-21 19:04:27] [TRACE]   [OmnipathR] JSON validation successful: TRUE
[2025-06-21 19:04:27] [INFO]    [OmnipathR] Cache item `30e690cbb55dfc63b5903ab337f34ffc2f4be397` version 1: status changed from `started` to `ready`.
[2025-06-21 19:04:27] [INFO]    [OmnipathR] Loaded database `Ensembl and OMA organism names`.
[2025-06-21 19:04:27] [TRACE]   [OmnipathR] Arguments for OmniPath query: [loops=TRUE,organisms=10090,genesymbols=TRUE,query_type=interactions,datasets=collectri]
[2025-06-21 19:04:27] [TRACE]   [OmnipathR] Organism(s): 10090
[2025-06-21 19:04:27] [TRACE]   [OmnipathR] Orthology targets: 
[2025-06-21 19:04:27] [TRACE]   [OmnipathR] Looking up in cache: `https://omnipathdb.org/interactions?genesymbols=yes&datasets=collectri&organisms=10090&fields=sources,references,curation_effort&loops=yes&license=academic`
[2025-06-21 19:04:27] [INFO]    [OmnipathR] Cache record does not exist: `https://omnipathdb.org/interactions?genesymbols=yes&datasets=collectri&organisms=10090&fields=sources,references,curation_effort&loops=yes&license=academic`
[2025-06-21 19:04:27] [TRACE]   [OmnipathR] Looking up in cache: `http://no-tls.omnipathdb.org/interactions?genesymbols=yes&datasets=collectri&organisms=10090&fields=sources,references,curation_effort&loops=yes&license=academic`
[2025-06-21 19:04:27] [INFO]    [OmnipathR] Cache record does not exist: `http://no-tls.omnipathdb.org/interactions?genesymbols=yes&datasets=collectri&organisms=10090&fields=sources,references,curation_effort&loops=yes&license=academic`
[2025-06-21 19:04:27] [TRACE]   [OmnipathR] Attempting `https://omnipathdb.org/interactions?genesymbols=yes&datasets=collectri&organisms=10090&fields=sources,references,curation_effort&loops=yes&license=academic`
[2025-06-21 19:04:27] [INFO]    [OmnipathR] Retrieving URL: `https://omnipathdb.org/interactions?genesymbols=yes&datasets=collectri&organisms=10090&fields=sources,references,curation_effort&loops=yes&license=academic`
[2025-06-21 19:04:27] [TRACE]   [OmnipathR] Attempt 1/3: `https://omnipathdb.org/interactions?genesymbols=yes&datasets=collectri&organisms=10090&fields=sources,references,curation_effort&loops=yes&license=academic`
[2025-06-21 19:04:28] [INFO]    [OmnipathR] Successfully retrieved: `https://omnipathdb.org/interactions?genesymbols=yes&datasets=collectri&organisms=10090&fields=sources,references,curation_effort&loops=yes&license=academic`
[2025-06-21 19:04:28] [TRACE]   [OmnipathR] Reading JSON from `/Users/elias/Library/Caches/OmnipathR/cache.json` (encoding: UTF-8).
[2025-06-21 19:04:28] [TRACE]   [OmnipathR] JSON validation successful: TRUE
[2025-06-21 19:04:28] [TRACE]   [OmnipathR] Reading JSON from `/Users/elias/Library/Caches/OmnipathR/cache.json` (encoding: UTF-8).
[2025-06-21 19:04:28] [TRACE]   [OmnipathR] JSON validation successful: TRUE
[2025-06-21 19:04:28] [INFO]    [OmnipathR] Cache item `25428d8cc3b087d56ec9f588ea30cbe491f2a8d4` version 1: status changed from `unknown` to `started`.
[2025-06-21 19:04:28] [TRACE]   [OmnipathR] Exporting object to RDS: `/Users/elias/Library/Caches/OmnipathR/25428d8cc3b087d56ec9f588ea30cbe491f2a8d4-1.rds`.
[2025-06-21 19:04:28] [TRACE]   [OmnipathR] Exported RDS to `/Users/elias/Library/Caches/OmnipathR/25428d8cc3b087d56ec9f588ea30cbe491f2a8d4-1.rds`.
[2025-06-21 19:04:28] [INFO]    [OmnipathR] Download ready [key=25428d8cc3b087d56ec9f588ea30cbe491f2a8d4, version=1]
[2025-06-21 19:04:28] [TRACE]   [OmnipathR] Reading JSON from `/Users/elias/Library/Caches/OmnipathR/cache.json` (encoding: UTF-8).
[2025-06-21 19:04:28] [TRACE]   [OmnipathR] JSON validation successful: TRUE
[2025-06-21 19:04:29] [INFO]    [OmnipathR] Cache item `25428d8cc3b087d56ec9f588ea30cbe491f2a8d4` version 1: status changed from `started` to `ready`.
[2025-06-21 19:04:29] [SUCCESS] [OmnipathR] Downloaded 38823 interactions.
[2025-06-21 19:04:48] [TRACE]   [OmnipathR] Arguments for OmniPath query: [loops=TRUE,organisms=9606,genesymbols=TRUE,query_type=interactions,datasets=collectri]
[2025-06-21 19:04:48] [TRACE]   [OmnipathR] Organism(s): 9606
[2025-06-21 19:04:48] [TRACE]   [OmnipathR] Orthology targets: 
[2025-06-21 19:04:48] [TRACE]   [OmnipathR] Looking up in cache: `https://omnipathdb.org/interactions?genesymbols=yes&datasets=collectri&organisms=9606&fields=sources,references,curation_effort&loops=yes&license=academic`
[2025-06-21 19:04:48] [INFO]    [OmnipathR] Cache record does not exist: `https://omnipathdb.org/interactions?genesymbols=yes&datasets=collectri&organisms=9606&fields=sources,references,curation_effort&loops=yes&license=academic`
[2025-06-21 19:04:48] [TRACE]   [OmnipathR] Looking up in cache: `http://no-tls.omnipathdb.org/interactions?genesymbols=yes&datasets=collectri&organisms=9606&fields=sources,references,curation_effort&loops=yes&license=academic`
[2025-06-21 19:04:48] [INFO]    [OmnipathR] Cache record does not exist: `http://no-tls.omnipathdb.org/interactions?genesymbols=yes&datasets=collectri&organisms=9606&fields=sources,references,curation_effort&loops=yes&license=academic`
[2025-06-21 19:04:48] [TRACE]   [OmnipathR] Attempting `https://omnipathdb.org/interactions?genesymbols=yes&datasets=collectri&organisms=9606&fields=sources,references,curation_effort&loops=yes&license=academic`
[2025-06-21 19:04:48] [INFO]    [OmnipathR] Retrieving URL: `https://omnipathdb.org/interactions?genesymbols=yes&datasets=collectri&organisms=9606&fields=sources,references,curation_effort&loops=yes&license=academic`
[2025-06-21 19:04:48] [TRACE]   [OmnipathR] Attempt 1/3: `https://omnipathdb.org/interactions?genesymbols=yes&datasets=collectri&organisms=9606&fields=sources,references,curation_effort&loops=yes&license=academic`
[2025-06-21 19:04:49] [INFO]    [OmnipathR] Successfully retrieved: `https://omnipathdb.org/interactions?genesymbols=yes&datasets=collectri&organisms=9606&fields=sources,references,curation_effort&loops=yes&license=academic`
[2025-06-21 19:04:49] [TRACE]   [OmnipathR] Reading JSON from `/Users/elias/Library/Caches/OmnipathR/cache.json` (encoding: UTF-8).
[2025-06-21 19:04:49] [TRACE]   [OmnipathR] JSON validation successful: TRUE
[2025-06-21 19:04:49] [TRACE]   [OmnipathR] Reading JSON from `/Users/elias/Library/Caches/OmnipathR/cache.json` (encoding: UTF-8).
[2025-06-21 19:04:49] [TRACE]   [OmnipathR] JSON validation successful: TRUE
[2025-06-21 19:04:49] [INFO]    [OmnipathR] Cache item `b10176737ba43d460b13709623189f3911123779` version 1: status changed from `unknown` to `started`.
[2025-06-21 19:04:49] [TRACE]   [OmnipathR] Exporting object to RDS: `/Users/elias/Library/Caches/OmnipathR/b10176737ba43d460b13709623189f3911123779-1.rds`.
[2025-06-21 19:04:49] [TRACE]   [OmnipathR] Exported RDS to `/Users/elias/Library/Caches/OmnipathR/b10176737ba43d460b13709623189f3911123779-1.rds`.
[2025-06-21 19:04:49] [INFO]    [OmnipathR] Download ready [key=b10176737ba43d460b13709623189f3911123779, version=1]
[2025-06-21 19:04:49] [TRACE]   [OmnipathR] Reading JSON from `/Users/elias/Library/Caches/OmnipathR/cache.json` (encoding: UTF-8).
[2025-06-21 19:04:49] [TRACE]   [OmnipathR] JSON validation successful: TRUE
[2025-06-21 19:04:49] [INFO]    [OmnipathR] Cache item `b10176737ba43d460b13709623189f3911123779` version 1: status changed from `started` to `ready`.
[2025-06-21 19:04:50] [SUCCESS] [OmnipathR] Downloaded 64958 interactions.
[2025-06-21 19:04:50] [TRACE]   [OmnipathR] Arguments for OmniPath query: [genesymbols=TRUE,resources=CollecTRI,strict_evidences=TRUE,query_type=interactions,datasets=tf_mirna]
[2025-06-21 19:04:50] [TRACE]   [OmnipathR] Organism(s): 9606
[2025-06-21 19:04:50] [TRACE]   [OmnipathR] Orthology targets: 
[2025-06-21 19:04:51] [TRACE]   [OmnipathR] Reading JSON from `https://omnipathdb.org/resources` (encoding: UTF-8).
[2025-06-21 19:04:51] [TRACE]   [OmnipathR] JSON validation successful: TRUE
[2025-06-21 19:04:51] [TRACE]   [OmnipathR] Looking up in cache: `https://omnipathdb.org/interactions?genesymbols=yes&resources=CollecTRI&datasets=tf_mirna&organisms=9606&fields=evidences,sources,references,curation_effort&license=academic`
[2025-06-21 19:04:51] [INFO]    [OmnipathR] Cache record does not exist: `https://omnipathdb.org/interactions?genesymbols=yes&resources=CollecTRI&datasets=tf_mirna&organisms=9606&fields=evidences,sources,references,curation_effort&license=academic`
[2025-06-21 19:04:51] [TRACE]   [OmnipathR] Looking up in cache: `http://no-tls.omnipathdb.org/interactions?genesymbols=yes&resources=CollecTRI&datasets=tf_mirna&organisms=9606&fields=evidences,sources,references,curation_effort&license=academic`
[2025-06-21 19:04:51] [INFO]    [OmnipathR] Cache record does not exist: `http://no-tls.omnipathdb.org/interactions?genesymbols=yes&resources=CollecTRI&datasets=tf_mirna&organisms=9606&fields=evidences,sources,references,curation_effort&license=academic`
[2025-06-21 19:04:51] [TRACE]   [OmnipathR] Attempting `https://omnipathdb.org/interactions?genesymbols=yes&resources=CollecTRI&datasets=tf_mirna&organisms=9606&fields=evidences,sources,references,curation_effort&license=academic`
[2025-06-21 19:04:51] [INFO]    [OmnipathR] Retrieving URL: `https://omnipathdb.org/interactions?genesymbols=yes&resources=CollecTRI&datasets=tf_mirna&organisms=9606&fields=evidences,sources,references,curation_effort&license=academic`
[2025-06-21 19:04:51] [TRACE]   [OmnipathR] Attempt 1/3: `https://omnipathdb.org/interactions?genesymbols=yes&resources=CollecTRI&datasets=tf_mirna&organisms=9606&fields=evidences,sources,references,curation_effort&license=academic`
[2025-06-21 19:04:51] [INFO]    [OmnipathR] Successfully retrieved: `https://omnipathdb.org/interactions?genesymbols=yes&resources=CollecTRI&datasets=tf_mirna&organisms=9606&fields=evidences,sources,references,curation_effort&license=academic`
[2025-06-21 19:04:51] [TRACE]   [OmnipathR] Reading JSON from `/Users/elias/Library/Caches/OmnipathR/cache.json` (encoding: UTF-8).
[2025-06-21 19:04:51] [TRACE]   [OmnipathR] JSON validation successful: TRUE
[2025-06-21 19:04:51] [TRACE]   [OmnipathR] Reading JSON from `/Users/elias/Library/Caches/OmnipathR/cache.json` (encoding: UTF-8).
[2025-06-21 19:04:51] [TRACE]   [OmnipathR] JSON validation successful: TRUE
[2025-06-21 19:04:51] [INFO]    [OmnipathR] Cache item `f7d34500401ba98803b7d2b26c48f64cee1eea1b` version 1: status changed from `unknown` to `started`.
[2025-06-21 19:04:51] [TRACE]   [OmnipathR] Exporting object to RDS: `/Users/elias/Library/Caches/OmnipathR/f7d34500401ba98803b7d2b26c48f64cee1eea1b-1.rds`.
[2025-06-21 19:04:51] [TRACE]   [OmnipathR] Exported RDS to `/Users/elias/Library/Caches/OmnipathR/f7d34500401ba98803b7d2b26c48f64cee1eea1b-1.rds`.
[2025-06-21 19:04:51] [INFO]    [OmnipathR] Download ready [key=f7d34500401ba98803b7d2b26c48f64cee1eea1b, version=1]
[2025-06-21 19:04:51] [TRACE]   [OmnipathR] Reading JSON from `/Users/elias/Library/Caches/OmnipathR/cache.json` (encoding: UTF-8).
[2025-06-21 19:04:51] [TRACE]   [OmnipathR] JSON validation successful: TRUE
[2025-06-21 19:04:51] [INFO]    [OmnipathR] Cache item `f7d34500401ba98803b7d2b26c48f64cee1eea1b` version 1: status changed from `started` to `ready`.
[2025-06-21 19:04:51] [TRACE]   [OmnipathR] Converting JSON column `evidences` to list.
[2025-06-21 19:04:51] [TRACE]   [OmnipathR] Restricting interaction records to datasets: tf_mirna; and resources: CollecTRI
[2025-06-21 19:04:51] [TRACE]   [OmnipathR] Filtering evidence columns: positive, negative, directed, undirected; to datasets: tf_mirna; and resources: CollecTRI; excluding resources: none
[2025-06-21 19:04:51] [SUCCESS] [OmnipathR] Downloaded 232 interactions.
[2025-06-21 19:04:54] [TRACE]   [OmnipathR] Arguments for OmniPath query: [loops=TRUE,organisms=10090,genesymbols=TRUE,query_type=interactions,datasets=collectri]
[2025-06-21 19:04:54] [TRACE]   [OmnipathR] Organism(s): 10090
[2025-06-21 19:04:54] [TRACE]   [OmnipathR] Orthology targets: 
[2025-06-21 19:04:54] [TRACE]   [OmnipathR] Looking up in cache: `https://omnipathdb.org/interactions?genesymbols=yes&datasets=collectri&organisms=10090&fields=sources,references,curation_effort&loops=yes&license=academic`
[2025-06-21 19:04:54] [TRACE]   [OmnipathR] Loaded data from RDS `/Users/elias/Library/Caches/OmnipathR/25428d8cc3b087d56ec9f588ea30cbe491f2a8d4-1.rds`.
[2025-06-21 19:04:54] [INFO]    [OmnipathR] Loaded from cache: `https://omnipathdb.org/interactions?genesymbols=yes&datasets=collectri&organisms=10090&fields=sources,references,curation_effort&loops=yes&license=academic`
[2025-06-21 19:04:55] [SUCCESS] [OmnipathR] Loaded 38823 interactions from cache.
[2025-06-21 22:12:49] [TRACE]   [OmnipathR] Removing database `Ensembl and OMA organism names` (not used in the past 10800 seconds)
